#
# A fatal error has been detected by the Java Runtime Environment:
#
#  EXCEPTION_ACCESS_VIOLATION (0xc0000005) at pc=0x00007ffa6f83ebc5, pid=9644, tid=12144
#
# JRE version: Java(TM) SE Runtime Environment (16.0.1+9) (build 16.0.1+9-24)
# Java VM: Java HotSpot(TM) 64-Bit Server VM (16.0.1+9-24, mixed mode, sharing, tiered, compressed oops, compressed class ptrs, g1 gc, windows-amd64)
# Problematic frame:
# V  [jvm.dll+0x60ebc5]
#
# No core dump will be written. Minidumps are not enabled by default on client versions of Windows
#
# If you would like to submit a bug report, please visit:
#   https://bugreport.java.com/bugreport/crash.jsp
#

---------------  S U M M A R Y ------------

Command Line: -XX:+ShowCodeDetailsInExceptionMessages -agentlib:jdwp=transport=dt_socket,suspend=y,address=localhost:51403 -javaagent:C:\Users\nicoc\eclipse\java-2021-06\eclipse\configuration\org.eclipse.osgi\222\0\.cp\lib\javaagent-shaded.jar -Dfile.encoding=Cp1252 main.Main

Host: Intel(R) Core(TM) i5-6200U CPU @ 2.30GHz, 4 cores, 7G,  Windows 10 , 64 bit Build 19041 (10.0.19041.1348)
Time: Tue Dec  7 22:46:21 2021 Hora estándar romance elapsed time: 5327.027146 seconds (0d 1h 28m 47s)

---------------  T H R E A D  ---------------

Current thread (0x00000135db6e7b60):  VMThread "VM Thread" [stack: 0x0000001caf400000,0x0000001caf500000] [id=12144]

Stack: [0x0000001caf400000,0x0000001caf500000],  sp=0x0000001caf4ff178,  free space=1020k
Native frames: (J=compiled Java code, j=interpreted, Vv=VM code, C=native code)
V  [jvm.dll+0x60ebc5]


siginfo: EXCEPTION_ACCESS_VIOLATION (0xc0000005), reading address 0xffffffffffffffff


Register to memory mapping:

RIP=0x00007ffa6f83ebc5 jvm.dll
RAX=0x00007ffa6fb049ca jvm.dll
RBX=0x0 is NULL
RCX=0x00000135dbc3b690 is pointing into metadata
RDX=0x00000135be029901 points into unknown readable memory: 00 00 00 00 00 00 00
RSP=0x0000001caf4ff178 points into unknown readable memory: 0x00007ffa6f9ab7fa | fa b7 9a 6f fa 7f 00 00
RBP=0x00007ffa6f83ebc0 jvm.dll
RSI=0x00000135be029940 is a thread
RDI=0x0 is NULL
R8 =0x00000135bbea0f01 points into unknown readable memory: 0c ea bb 35 01 00 00
R9 =0x000000007ffe2000 points into unknown readable memory: 0x00000000546c6148 | 48 61 6c 54 00 00 00 00
R10=0x00000000546c6148 is an unknown value
R11=0xfffffffff902e7e8 is an unknown value
R12=0x00007ffa6fad3000 jvm.dll
R13=0x00007ffa6fd40980 jvm.dll
R14=0x00000135db6d8ae8 points into unknown readable memory: 0x1013fa9388b927f0 | f0 27 b9 88 93 fa 13 10
R15=0x00000000000003d8 is an unknown value


Registers:
RAX=0x00007ffa6fb049ca, RBX=0x0000000000000000, RCX=0x00000135dbc3b690, RDX=0x00000135be029901
RSP=0x0000001caf4ff178, RBP=0x00007ffa6f83ebc0, RSI=0x00000135be029940, RDI=0x0000000000000000
R8 =0x00000135bbea0f01, R9 =0x000000007ffe2000, R10=0x00000000546c6148, R11=0xfffffffff902e7e8
R12=0x00007ffa6fad3000, R13=0x00007ffa6fd40980, R14=0x00000135db6d8ae8, R15=0x00000000000003d8
RIP=0x00007ffa6f83ebc5, EFLAGS=0x0000000000010202

Top of Stack: (sp=0x0000001caf4ff178)
0x0000001caf4ff178:   00007ffa6f9ab7fa 0000000000000008
0x0000001caf4ff188:   00007ffab9b35ba1 0000000000000000
0x0000001caf4ff198:   000000000000001c 00000135dc3a2018
0x0000001caf4ff1a8:   00007ffa6f9b0eeb 00000135dc3a1fa0
0x0000001caf4ff1b8:   0000001caf4ff200 00000135db6d8710
0x0000001caf4ff1c8:   00007ffa000001f3 0000001caf4ff300
0x0000001caf4ff1d8:   00007ffa6f9adaff 0000000000000001
0x0000001caf4ff1e8:   00000135db6d8710 0000000000000001
0x0000001caf4ff1f8:   00007ffa6f2d8716 00007ffa6fb7ac60
0x0000001caf4ff208:   00007ffa6f83ebc0 00000135db6d8700
0x0000001caf4ff218:   00007ffa6f83ea65 00007ffa6fb9f848
0x0000001caf4ff228:   00000135be03eaa0 00000135db6e7b60
0x0000001caf4ff238:   00000135be07e100 00000135db6d8700
0x0000001caf4ff248:   00007ffa6f755dae 00000135be07e0d0
0x0000001caf4ff258:   0000001caffff580 00000135db6e7b60
0x0000001caf4ff268:   0000000000000000 0000000000000000 

Instructions: (pc=0x00007ffa6f83ebc5)
0x00007ffa6f83eac5:   cc cc cc cc cc cc cc cc cc cc cc 48 89 5c 24 18
0x00007ffa6f83ead5:   55 48 83 ec 20 48 8b 1d 9f cc 4d 00 48 85 db 74
0x00007ffa6f83eae5:   17 48 8b 05 83 cc 4d 00 48 89 83 08 02 00 00 48
0x00007ffa6f83eaf5:   89 1d 75 cc 4d 00 eb 07 48 8b 1d 6c cc 4d 00 33
0x00007ffa6f83eb05:   ed 48 89 2d 73 cc 4d 00 48 85 db 74 7e 48 89 74
0x00007ffa6f83eb15:   24 30 48 89 7c 24 38 0f 1f 40 00 48 8b b3 00 02
0x00007ffa6f83eb25:   00 00 48 8b fd 48 2b f3 48 c1 ee 03 48 85 f6 74
0x00007ffa6f83eb35:   1e 66 66 0f 1f 84 00 00 00 00 00 48 8b 0c fb 33
0x00007ffa6f83eb45:   d2 48 8b 01 ff 50 68 48 ff c7 48 3b fe 72 ec 48
0x00007ffa6f83eb55:   8b 8b 08 02 00 00 48 89 ab 08 02 00 00 48 89 9b
0x00007ffa6f83eb65:   00 02 00 00 48 8b 05 08 cc 4d 00 48 89 83 10 02
0x00007ffa6f83eb75:   00 00 48 89 1d fa cb 4d 00 48 8b d9 48 85 c9 75
0x00007ffa6f83eb85:   9a 48 8b 7c 24 38 48 8b 74 24 30 48 8b 5c 24 40
0x00007ffa6f83eb95:   48 89 2d d4 cb 4d 00 48 83 c4 20 5d c3 cc cc cc
0x00007ffa6f83eba5:   cc cc cc cc cc cc cc cc cc cc cc 48 8b 02 48 8b
0x00007ffa6f83ebb5:   ca b2 01 48 ff 60 68 cc cc cc cc 48 8b 01 b2 01
0x00007ffa6f83ebc5:   48 ff 60 68 cc cc cc cc cc cc cc 40 53 48 83 ec
0x00007ffa6f83ebd5:   20 48 8b 15 a3 cb 4d 00 48 8b d9 48 85 d2 74 21
0x00007ffa6f83ebe5:   48 8d 82 00 02 00 00 48 39 00 75 72 48 8b 05 78
0x00007ffa6f83ebf5:   cb 4d 00 48 89 82 08 02 00 00 48 89 15 6a cb 4d
0x00007ffa6f83ec05:   00 48 8b 15 6b cb 4d 00 48 85 d2 74 10 48 8b 82
0x00007ffa6f83ec15:   10 02 00 00 48 89 05 58 cb 4d 00 eb 3a 45 33 c0
0x00007ffa6f83ec25:   b9 18 02 00 00 41 8d 50 08 e8 5d 9a a9 ff 48 8b
0x00007ffa6f83ec35:   d0 48 85 c0 74 1f 48 89 80 00 02 00 00 48 c7 80
0x00007ffa6f83ec45:   08 02 00 00 00 00 00 00 48 c7 80 10 02 00 00 00
0x00007ffa6f83ec55:   00 00 00 eb 02 33 d2 48 89 15 1d cb 4d 00 48 8b
0x00007ffa6f83ec65:   82 00 02 00 00 48 89 18 48 83 82 00 02 00 00 08
0x00007ffa6f83ec75:   48 83 c4 20 5b c3 cc cc cc cc cc 48 89 4c 24 08
0x00007ffa6f83ec85:   48 89 54 24 10 4c 89 44 24 18 4c 89 4c 24 20 48
0x00007ffa6f83ec95:   83 ec 28 4c 8b c1 4c 8d 4c 24 38 48 8d 0d f9 ca
0x00007ffa6f83eca5:   4d 00 ba 01 00 00 00 e8 cf 1e f5 ff 48 83 c4 28
0x00007ffa6f83ecb5:   c3 cc cc cc cc cc cc cc cc cc cc 40 55 56 41 54 


Stack slot to memory mapping:
stack at sp + 0 slots: 0x00007ffa6f9ab7fa jvm.dll
stack at sp + 1 slots: 0x0000000000000008 is an unknown value
stack at sp + 2 slots: 0x00007ffab9b35ba1 ntdll.dll
stack at sp + 3 slots: 0x0 is NULL
stack at sp + 4 slots: 0x000000000000001c is an unknown value
stack at sp + 5 slots: 0x00000135dc3a2018 points into unknown readable memory: 0x0000000000000000 | 00 00 00 00 00 00 00 00
stack at sp + 6 slots: 0x00007ffa6f9b0eeb jvm.dll
stack at sp + 7 slots: 0x00000135dc3a1fa0 points into unknown readable memory: 0x00000135be029940 | 40 99 02 be 35 01 00 00

VM_Operation (0x0000001caffff580): RedefineClasses, mode: safepoint, requested by thread 0x00000135dc2d08f0


---------------  P R O C E S S  ---------------

Threads class SMR info:
_java_thread_list=0x00000135dc351070, length=15, elements={
0x00000135be029940, 0x00000135db6ebe60, 0x00000135db6ed3d0, 0x00000135db6fe190,
0x00000135db700bb0, 0x00000135db702400, 0x00000135db7069b0, 0x00000135db70e6d0,
0x00000135db7110e0, 0x00000135db71be20, 0x00000135dc14e4d0, 0x00000135dc2d08f0,
0x00000135dc2a4e40, 0x00000135dc2a5380, 0x00000135dc351870
}

Java Threads: ( => current thread )
  0x00000135be029940 JavaThread "main" [_thread_blocked, id=11024, stack(0x0000001caee00000,0x0000001caef00000)]
  0x00000135db6ebe60 JavaThread "Reference Handler" daemon [_thread_blocked, id=11208, stack(0x0000001caf500000,0x0000001caf600000)]
  0x00000135db6ed3d0 JavaThread "Finalizer" daemon [_thread_blocked, id=6280, stack(0x0000001caf600000,0x0000001caf700000)]
  0x00000135db6fe190 JavaThread "Signal Dispatcher" daemon [_thread_blocked, id=400, stack(0x0000001caf700000,0x0000001caf800000)]
  0x00000135db700bb0 JavaThread "Attach Listener" daemon [_thread_blocked, id=2936, stack(0x0000001caf800000,0x0000001caf900000)]
  0x00000135db702400 JavaThread "Service Thread" daemon [_thread_blocked, id=14152, stack(0x0000001caf900000,0x0000001cafa00000)]
  0x00000135db7069b0 JavaThread "Monitor Deflation Thread" daemon [_thread_blocked, id=12256, stack(0x0000001cafa00000,0x0000001cafb00000)]
  0x00000135db70e6d0 JavaThread "C2 CompilerThread0" daemon [_thread_blocked, id=14132, stack(0x0000001cafb00000,0x0000001cafc00000)]
  0x00000135db7110e0 JavaThread "C1 CompilerThread0" daemon [_thread_blocked, id=13724, stack(0x0000001cafc00000,0x0000001cafd00000)]
  0x00000135db71be20 JavaThread "Sweeper thread" daemon [_thread_blocked, id=3216, stack(0x0000001cafd00000,0x0000001cafe00000)]
  0x00000135dc14e4d0 JavaThread "Common-Cleaner" daemon [_thread_blocked, id=5240, stack(0x0000001cafe00000,0x0000001caff00000)]
  0x00000135dc2d08f0 JavaThread "JDWP Transport Listener: dt_socket" daemon [_thread_blocked, id=11444, stack(0x0000001caff00000,0x0000001cb0000000)]
  0x00000135dc2a4e40 JavaThread "JDWP Event Helper Thread" daemon [_thread_blocked, id=8060, stack(0x0000001cb0000000,0x0000001cb0100000)]
  0x00000135dc2a5380 JavaThread "JDWP Command Reader" daemon [_thread_in_native, id=7820, stack(0x0000001cb0100000,0x0000001cb0200000)]
  0x00000135dc351870 JavaThread "Notification Thread" daemon [_thread_blocked, id=6172, stack(0x0000001cb0200000,0x0000001cb0300000)]

Other Threads:
=>0x00000135db6e7b60 VMThread "VM Thread" [stack: 0x0000001caf400000,0x0000001caf500000] [id=12144]
  0x00000135be02aa70 WatcherThread [stack: 0x0000001cb0300000,0x0000001cb0400000] [id=2420]
  0x00000135be0696a0 GCTaskThread "GC Thread#0" [stack: 0x0000001caef00000,0x0000001caf000000] [id=11564]
  0x00000135dc47e580 GCTaskThread "GC Thread#1" [stack: 0x0000001cb0500000,0x0000001cb0600000] [id=13648]
  0x00000135dc47e890 GCTaskThread "GC Thread#2" [stack: 0x0000001cb0600000,0x0000001cb0700000] [id=7840]
  0x00000135dc374f90 GCTaskThread "GC Thread#3" [stack: 0x0000001cb0700000,0x0000001cb0800000] [id=3508]
  0x00000135be07b960 ConcurrentGCThread "G1 Main Marker" [stack: 0x0000001caf000000,0x0000001caf100000] [id=13300]
  0x00000135be07c2e0 ConcurrentGCThread "G1 Conc#0" [stack: 0x0000001caf100000,0x0000001caf200000] [id=5840]
  0x00000135be0f3d50 ConcurrentGCThread "G1 Refine#0" [stack: 0x0000001caf200000,0x0000001caf300000] [id=13536]
  0x00000135be0f46e0 ConcurrentGCThread "G1 Service" [stack: 0x0000001caf300000,0x0000001caf400000] [id=1340]

Threads with active compile tasks:

VM state: at safepoint (normal execution)

VM Mutex/Monitor currently owned by a thread:  ([mutex/lock_event])
[0x00000135be026ec0] Threads_lock - owner thread: 0x00000135db6e7b60

Heap address: 0x0000000082200000, size: 2014 MB, Compressed Oops mode: 32-bit

CDS archive(s) mapped at: [0x0000000800000000-0x0000000800bb0000-0x0000000800bb0000), size 12255232, SharedBaseAddress: 0x0000000800000000, ArchiveRelocationMode: 0.
Compressed class space mapped at: 0x0000000800c00000-0x0000000840c00000, reserved size: 1073741824
Narrow klass base: 0x0000000800000000, Narrow klass shift: 3, Narrow klass range: 0x100000000

GC Precious Log:
 CPUs: 4 total, 4 available
 Memory: 8053M
 Large Page Support: Disabled
 NUMA Support: Disabled
 Compressed Oops: Enabled (32-bit)
 Heap Region Size: 1M
 Heap Min Capacity: 8M
 Heap Initial Capacity: 126M
 Heap Max Capacity: 2014M
 Pre-touch: Disabled
 Parallel Workers: 4
 Concurrent Workers: 1
 Concurrent Refinement Workers: 4
 Periodic GC: Disabled

Heap:
 garbage-first heap   total 129024K, used 5841K [0x0000000082200000, 0x0000000100000000)
  region size 1024K, 7 young (7168K), 2 survivors (2048K)
 Metaspace       used 2850K, committed 3008K, reserved 1056768K
  class space    used 233K, committed 320K, reserved 1048576K

Heap Regions: E=young(eden), S=young(survivor), O=old, HS=humongous(starts), HC=humongous(continues), CS=collection set, F=free, OA=open archive, CA=closed archive, TAMS=top-at-mark-start (previous, next)
|   0|0x0000000082200000, 0x0000000082200000, 0x0000000082300000|  0%| F|  |TAMS 0x0000000082200000, 0x0000000082200000| Untracked 
|   1|0x0000000082300000, 0x0000000082300000, 0x0000000082400000|  0%| F|  |TAMS 0x0000000082300000, 0x0000000082300000| Untracked 
|   2|0x0000000082400000, 0x0000000082400000, 0x0000000082500000|  0%| F|  |TAMS 0x0000000082400000, 0x0000000082400000| Untracked 
|   3|0x0000000082500000, 0x0000000082500000, 0x0000000082600000|  0%| F|  |TAMS 0x0000000082500000, 0x0000000082500000| Untracked 
|   4|0x0000000082600000, 0x0000000082600000, 0x0000000082700000|  0%| F|  |TAMS 0x0000000082600000, 0x0000000082600000| Untracked 
|   5|0x0000000082700000, 0x0000000082700000, 0x0000000082800000|  0%| F|  |TAMS 0x0000000082700000, 0x0000000082700000| Untracked 
|   6|0x0000000082800000, 0x0000000082800000, 0x0000000082900000|  0%| F|  |TAMS 0x0000000082800000, 0x0000000082800000| Untracked 
|   7|0x0000000082900000, 0x0000000082900000, 0x0000000082a00000|  0%| F|  |TAMS 0x0000000082900000, 0x0000000082900000| Untracked 
|   8|0x0000000082a00000, 0x0000000082a00000, 0x0000000082b00000|  0%| F|  |TAMS 0x0000000082a00000, 0x0000000082a00000| Untracked 
|   9|0x0000000082b00000, 0x0000000082b00000, 0x0000000082c00000|  0%| F|  |TAMS 0x0000000082b00000, 0x0000000082b00000| Untracked 
|  10|0x0000000082c00000, 0x0000000082c00000, 0x0000000082d00000|  0%| F|  |TAMS 0x0000000082c00000, 0x0000000082c00000| Untracked 
|  11|0x0000000082d00000, 0x0000000082d00000, 0x0000000082e00000|  0%| F|  |TAMS 0x0000000082d00000, 0x0000000082d00000| Untracked 
|  12|0x0000000082e00000, 0x0000000082e00000, 0x0000000082f00000|  0%| F|  |TAMS 0x0000000082e00000, 0x0000000082e00000| Untracked 
|  13|0x0000000082f00000, 0x0000000082f00000, 0x0000000083000000|  0%| F|  |TAMS 0x0000000082f00000, 0x0000000082f00000| Untracked 
|  14|0x0000000083000000, 0x0000000083000000, 0x0000000083100000|  0%| F|  |TAMS 0x0000000083000000, 0x0000000083000000| Untracked 
|  15|0x0000000083100000, 0x0000000083100000, 0x0000000083200000|  0%| F|  |TAMS 0x0000000083100000, 0x0000000083100000| Untracked 
|  16|0x0000000083200000, 0x0000000083200000, 0x0000000083300000|  0%| F|  |TAMS 0x0000000083200000, 0x0000000083200000| Untracked 
|  17|0x0000000083300000, 0x0000000083300000, 0x0000000083400000|  0%| F|  |TAMS 0x0000000083300000, 0x0000000083300000| Untracked 
|  18|0x0000000083400000, 0x0000000083400000, 0x0000000083500000|  0%| F|  |TAMS 0x0000000083400000, 0x0000000083400000| Untracked 
|  19|0x0000000083500000, 0x0000000083500000, 0x0000000083600000|  0%| F|  |TAMS 0x0000000083500000, 0x0000000083500000| Untracked 
|  20|0x0000000083600000, 0x0000000083600000, 0x0000000083700000|  0%| F|  |TAMS 0x0000000083600000, 0x0000000083600000| Untracked 
|  21|0x0000000083700000, 0x0000000083700000, 0x0000000083800000|  0%| F|  |TAMS 0x0000000083700000, 0x0000000083700000| Untracked 
|  22|0x0000000083800000, 0x0000000083800000, 0x0000000083900000|  0%| F|  |TAMS 0x0000000083800000, 0x0000000083800000| Untracked 
|  23|0x0000000083900000, 0x0000000083900000, 0x0000000083a00000|  0%| F|  |TAMS 0x0000000083900000, 0x0000000083900000| Untracked 
|  24|0x0000000083a00000, 0x0000000083a00000, 0x0000000083b00000|  0%| F|  |TAMS 0x0000000083a00000, 0x0000000083a00000| Untracked 
|  25|0x0000000083b00000, 0x0000000083b00000, 0x0000000083c00000|  0%| F|  |TAMS 0x0000000083b00000, 0x0000000083b00000| Untracked 
|  26|0x0000000083c00000, 0x0000000083c00000, 0x0000000083d00000|  0%| F|  |TAMS 0x0000000083c00000, 0x0000000083c00000| Untracked 
|  27|0x0000000083d00000, 0x0000000083d00000, 0x0000000083e00000|  0%| F|  |TAMS 0x0000000083d00000, 0x0000000083d00000| Untracked 
|  28|0x0000000083e00000, 0x0000000083e00000, 0x0000000083f00000|  0%| F|  |TAMS 0x0000000083e00000, 0x0000000083e00000| Untracked 
|  29|0x0000000083f00000, 0x0000000083f00000, 0x0000000084000000|  0%| F|  |TAMS 0x0000000083f00000, 0x0000000083f00000| Untracked 
|  30|0x0000000084000000, 0x0000000084000000, 0x0000000084100000|  0%| F|  |TAMS 0x0000000084000000, 0x0000000084000000| Untracked 
|  31|0x0000000084100000, 0x0000000084100000, 0x0000000084200000|  0%| F|  |TAMS 0x0000000084100000, 0x0000000084100000| Untracked 
|  32|0x0000000084200000, 0x0000000084200000, 0x0000000084300000|  0%| F|  |TAMS 0x0000000084200000, 0x0000000084200000| Untracked 
|  33|0x0000000084300000, 0x0000000084300000, 0x0000000084400000|  0%| F|  |TAMS 0x0000000084300000, 0x0000000084300000| Untracked 
|  34|0x0000000084400000, 0x0000000084400000, 0x0000000084500000|  0%| F|  |TAMS 0x0000000084400000, 0x0000000084400000| Untracked 
|  35|0x0000000084500000, 0x0000000084500000, 0x0000000084600000|  0%| F|  |TAMS 0x0000000084500000, 0x0000000084500000| Untracked 
|  36|0x0000000084600000, 0x0000000084600000, 0x0000000084700000|  0%| F|  |TAMS 0x0000000084600000, 0x0000000084600000| Untracked 
|  37|0x0000000084700000, 0x0000000084700000, 0x0000000084800000|  0%| F|  |TAMS 0x0000000084700000, 0x0000000084700000| Untracked 
|  38|0x0000000084800000, 0x0000000084800000, 0x0000000084900000|  0%| F|  |TAMS 0x0000000084800000, 0x0000000084800000| Untracked 
|  39|0x0000000084900000, 0x0000000084900000, 0x0000000084a00000|  0%| F|  |TAMS 0x0000000084900000, 0x0000000084900000| Untracked 
|  40|0x0000000084a00000, 0x0000000084a00000, 0x0000000084b00000|  0%| F|  |TAMS 0x0000000084a00000, 0x0000000084a00000| Untracked 
|  41|0x0000000084b00000, 0x0000000084b00000, 0x0000000084c00000|  0%| F|  |TAMS 0x0000000084b00000, 0x0000000084b00000| Untracked 
|  42|0x0000000084c00000, 0x0000000084c00000, 0x0000000084d00000|  0%| F|  |TAMS 0x0000000084c00000, 0x0000000084c00000| Untracked 
|  43|0x0000000084d00000, 0x0000000084d00000, 0x0000000084e00000|  0%| F|  |TAMS 0x0000000084d00000, 0x0000000084d00000| Untracked 
|  44|0x0000000084e00000, 0x0000000084e00000, 0x0000000084f00000|  0%| F|  |TAMS 0x0000000084e00000, 0x0000000084e00000| Untracked 
|  45|0x0000000084f00000, 0x0000000084f00000, 0x0000000085000000|  0%| F|  |TAMS 0x0000000084f00000, 0x0000000084f00000| Untracked 
|  46|0x0000000085000000, 0x0000000085000000, 0x0000000085100000|  0%| F|  |TAMS 0x0000000085000000, 0x0000000085000000| Untracked 
|  47|0x0000000085100000, 0x0000000085100000, 0x0000000085200000|  0%| F|  |TAMS 0x0000000085100000, 0x0000000085100000| Untracked 
|  48|0x0000000085200000, 0x0000000085200000, 0x0000000085300000|  0%| F|  |TAMS 0x0000000085200000, 0x0000000085200000| Untracked 
|  49|0x0000000085300000, 0x0000000085300000, 0x0000000085400000|  0%| F|  |TAMS 0x0000000085300000, 0x0000000085300000| Untracked 
|  50|0x0000000085400000, 0x0000000085400000, 0x0000000085500000|  0%| F|  |TAMS 0x0000000085400000, 0x0000000085400000| Untracked 
|  51|0x0000000085500000, 0x0000000085500000, 0x0000000085600000|  0%| F|  |TAMS 0x0000000085500000, 0x0000000085500000| Untracked 
|  52|0x0000000085600000, 0x0000000085600000, 0x0000000085700000|  0%| F|  |TAMS 0x0000000085600000, 0x0000000085600000| Untracked 
|  53|0x0000000085700000, 0x0000000085700000, 0x0000000085800000|  0%| F|  |TAMS 0x0000000085700000, 0x0000000085700000| Untracked 
|  54|0x0000000085800000, 0x0000000085800000, 0x0000000085900000|  0%| F|  |TAMS 0x0000000085800000, 0x0000000085800000| Untracked 
|  55|0x0000000085900000, 0x0000000085900000, 0x0000000085a00000|  0%| F|  |TAMS 0x0000000085900000, 0x0000000085900000| Untracked 
|  56|0x0000000085a00000, 0x0000000085a00000, 0x0000000085b00000|  0%| F|  |TAMS 0x0000000085a00000, 0x0000000085a00000| Untracked 
|  57|0x0000000085b00000, 0x0000000085b00000, 0x0000000085c00000|  0%| F|  |TAMS 0x0000000085b00000, 0x0000000085b00000| Untracked 
|  58|0x0000000085c00000, 0x0000000085c00000, 0x0000000085d00000|  0%| F|  |TAMS 0x0000000085c00000, 0x0000000085c00000| Untracked 
|  59|0x0000000085d00000, 0x0000000085d00000, 0x0000000085e00000|  0%| F|  |TAMS 0x0000000085d00000, 0x0000000085d00000| Untracked 
|  60|0x0000000085e00000, 0x0000000085e00000, 0x0000000085f00000|  0%| F|  |TAMS 0x0000000085e00000, 0x0000000085e00000| Untracked 
|  61|0x0000000085f00000, 0x0000000085f00000, 0x0000000086000000|  0%| F|  |TAMS 0x0000000085f00000, 0x0000000085f00000| Untracked 
|  62|0x0000000086000000, 0x0000000086000000, 0x0000000086100000|  0%| F|  |TAMS 0x0000000086000000, 0x0000000086000000| Untracked 
|  63|0x0000000086100000, 0x0000000086100000, 0x0000000086200000|  0%| F|  |TAMS 0x0000000086100000, 0x0000000086100000| Untracked 
|  64|0x0000000086200000, 0x0000000086200000, 0x0000000086300000|  0%| F|  |TAMS 0x0000000086200000, 0x0000000086200000| Untracked 
|  65|0x0000000086300000, 0x0000000086300000, 0x0000000086400000|  0%| F|  |TAMS 0x0000000086300000, 0x0000000086300000| Untracked 
|  66|0x0000000086400000, 0x0000000086400000, 0x0000000086500000|  0%| F|  |TAMS 0x0000000086400000, 0x0000000086400000| Untracked 
|  67|0x0000000086500000, 0x0000000086500000, 0x0000000086600000|  0%| F|  |TAMS 0x0000000086500000, 0x0000000086500000| Untracked 
|  68|0x0000000086600000, 0x0000000086600000, 0x0000000086700000|  0%| F|  |TAMS 0x0000000086600000, 0x0000000086600000| Untracked 
|  69|0x0000000086700000, 0x0000000086700000, 0x0000000086800000|  0%| F|  |TAMS 0x0000000086700000, 0x0000000086700000| Untracked 
|  70|0x0000000086800000, 0x0000000086800000, 0x0000000086900000|  0%| F|  |TAMS 0x0000000086800000, 0x0000000086800000| Untracked 
|  71|0x0000000086900000, 0x0000000086900000, 0x0000000086a00000|  0%| F|  |TAMS 0x0000000086900000, 0x0000000086900000| Untracked 
|  72|0x0000000086a00000, 0x0000000086a00000, 0x0000000086b00000|  0%| F|  |TAMS 0x0000000086a00000, 0x0000000086a00000| Untracked 
|  73|0x0000000086b00000, 0x0000000086b00000, 0x0000000086c00000|  0%| F|  |TAMS 0x0000000086b00000, 0x0000000086b00000| Untracked 
|  74|0x0000000086c00000, 0x0000000086c00000, 0x0000000086d00000|  0%| F|  |TAMS 0x0000000086c00000, 0x0000000086c00000| Untracked 
|  75|0x0000000086d00000, 0x0000000086d00000, 0x0000000086e00000|  0%| F|  |TAMS 0x0000000086d00000, 0x0000000086d00000| Untracked 
|  76|0x0000000086e00000, 0x0000000086e00000, 0x0000000086f00000|  0%| F|  |TAMS 0x0000000086e00000, 0x0000000086e00000| Untracked 
|  77|0x0000000086f00000, 0x0000000086f00000, 0x0000000087000000|  0%| F|  |TAMS 0x0000000086f00000, 0x0000000086f00000| Untracked 
|  78|0x0000000087000000, 0x0000000087000000, 0x0000000087100000|  0%| F|  |TAMS 0x0000000087000000, 0x0000000087000000| Untracked 
|  79|0x0000000087100000, 0x0000000087100000, 0x0000000087200000|  0%| F|  |TAMS 0x0000000087100000, 0x0000000087100000| Untracked 
|  80|0x0000000087200000, 0x0000000087200000, 0x0000000087300000|  0%| F|  |TAMS 0x0000000087200000, 0x0000000087200000| Untracked 
|  81|0x0000000087300000, 0x0000000087300000, 0x0000000087400000|  0%| F|  |TAMS 0x0000000087300000, 0x0000000087300000| Untracked 
|  82|0x0000000087400000, 0x0000000087400000, 0x0000000087500000|  0%| F|  |TAMS 0x0000000087400000, 0x0000000087400000| Untracked 
|  83|0x0000000087500000, 0x0000000087500000, 0x0000000087600000|  0%| F|  |TAMS 0x0000000087500000, 0x0000000087500000| Untracked 
|  84|0x0000000087600000, 0x0000000087600000, 0x0000000087700000|  0%| F|  |TAMS 0x0000000087600000, 0x0000000087600000| Untracked 
|  85|0x0000000087700000, 0x0000000087700000, 0x0000000087800000|  0%| F|  |TAMS 0x0000000087700000, 0x0000000087700000| Untracked 
|  86|0x0000000087800000, 0x0000000087800000, 0x0000000087900000|  0%| F|  |TAMS 0x0000000087800000, 0x0000000087800000| Untracked 
|  87|0x0000000087900000, 0x0000000087900000, 0x0000000087a00000|  0%| F|  |TAMS 0x0000000087900000, 0x0000000087900000| Untracked 
|  88|0x0000000087a00000, 0x0000000087a00000, 0x0000000087b00000|  0%| F|  |TAMS 0x0000000087a00000, 0x0000000087a00000| Untracked 
|  89|0x0000000087b00000, 0x0000000087b00000, 0x0000000087c00000|  0%| F|  |TAMS 0x0000000087b00000, 0x0000000087b00000| Untracked 
|  90|0x0000000087c00000, 0x0000000087c00000, 0x0000000087d00000|  0%| F|  |TAMS 0x0000000087c00000, 0x0000000087c00000| Untracked 
|  91|0x0000000087d00000, 0x0000000087d00000, 0x0000000087e00000|  0%| F|  |TAMS 0x0000000087d00000, 0x0000000087d00000| Untracked 
|  92|0x0000000087e00000, 0x0000000087e00000, 0x0000000087f00000|  0%| F|  |TAMS 0x0000000087e00000, 0x0000000087e00000| Untracked 
|  93|0x0000000087f00000, 0x0000000087f00000, 0x0000000088000000|  0%| F|  |TAMS 0x0000000087f00000, 0x0000000087f00000| Untracked 
|  94|0x0000000088000000, 0x0000000088000000, 0x0000000088100000|  0%| F|  |TAMS 0x0000000088000000, 0x0000000088000000| Untracked 
|  95|0x0000000088100000, 0x0000000088100000, 0x0000000088200000|  0%| F|  |TAMS 0x0000000088100000, 0x0000000088100000| Untracked 
|  96|0x0000000088200000, 0x0000000088200000, 0x0000000088300000|  0%| F|  |TAMS 0x0000000088200000, 0x0000000088200000| Untracked 
|  97|0x0000000088300000, 0x0000000088300000, 0x0000000088400000|  0%| F|  |TAMS 0x0000000088300000, 0x0000000088300000| Untracked 
|  98|0x0000000088400000, 0x0000000088400000, 0x0000000088500000|  0%| F|  |TAMS 0x0000000088400000, 0x0000000088400000| Untracked 
|  99|0x0000000088500000, 0x0000000088500000, 0x0000000088600000|  0%| F|  |TAMS 0x0000000088500000, 0x0000000088500000| Untracked 
| 100|0x0000000088600000, 0x0000000088600000, 0x0000000088700000|  0%| F|  |TAMS 0x0000000088600000, 0x0000000088600000| Untracked 
| 101|0x0000000088700000, 0x0000000088700000, 0x0000000088800000|  0%| F|  |TAMS 0x0000000088700000, 0x0000000088700000| Untracked 
| 102|0x0000000088800000, 0x0000000088800000, 0x0000000088900000|  0%| F|  |TAMS 0x0000000088800000, 0x0000000088800000| Untracked 
| 103|0x0000000088900000, 0x0000000088900000, 0x0000000088a00000|  0%| F|  |TAMS 0x0000000088900000, 0x0000000088900000| Untracked 
| 104|0x0000000088a00000, 0x0000000088ab4780, 0x0000000088b00000| 70%| S|CS|TAMS 0x0000000088a00000, 0x0000000088a00000| Complete 
| 105|0x0000000088b00000, 0x0000000088c00000, 0x0000000088c00000|100%| S|CS|TAMS 0x0000000088b00000, 0x0000000088b00000| Complete 
| 106|0x0000000088c00000, 0x0000000088c00000, 0x0000000088d00000|  0%| F|  |TAMS 0x0000000088c00000, 0x0000000088c00000| Untracked 
| 107|0x0000000088d00000, 0x0000000088d00000, 0x0000000088e00000|  0%| F|  |TAMS 0x0000000088d00000, 0x0000000088d00000| Untracked 
| 108|0x0000000088e00000, 0x0000000088e00000, 0x0000000088f00000|  0%| F|  |TAMS 0x0000000088e00000, 0x0000000088e00000| Untracked 
| 109|0x0000000088f00000, 0x0000000088f00000, 0x0000000089000000|  0%| F|  |TAMS 0x0000000088f00000, 0x0000000088f00000| Untracked 
| 110|0x0000000089000000, 0x0000000089000000, 0x0000000089100000|  0%| F|  |TAMS 0x0000000089000000, 0x0000000089000000| Untracked 
| 111|0x0000000089100000, 0x0000000089100000, 0x0000000089200000|  0%| F|  |TAMS 0x0000000089100000, 0x0000000089100000| Untracked 
| 112|0x0000000089200000, 0x0000000089200000, 0x0000000089300000|  0%| F|  |TAMS 0x0000000089200000, 0x0000000089200000| Untracked 
| 113|0x0000000089300000, 0x0000000089300000, 0x0000000089400000|  0%| F|  |TAMS 0x0000000089300000, 0x0000000089300000| Untracked 
| 114|0x0000000089400000, 0x0000000089400000, 0x0000000089500000|  0%| F|  |TAMS 0x0000000089400000, 0x0000000089400000| Untracked 
| 115|0x0000000089500000, 0x0000000089500000, 0x0000000089600000|  0%| F|  |TAMS 0x0000000089500000, 0x0000000089500000| Untracked 
| 116|0x0000000089600000, 0x0000000089600000, 0x0000000089700000|  0%| F|  |TAMS 0x0000000089600000, 0x0000000089600000| Untracked 
| 117|0x0000000089700000, 0x0000000089700000, 0x0000000089800000|  0%| F|  |TAMS 0x0000000089700000, 0x0000000089700000| Untracked 
| 118|0x0000000089800000, 0x0000000089800000, 0x0000000089900000|  0%| F|  |TAMS 0x0000000089800000, 0x0000000089800000| Untracked 
| 119|0x0000000089900000, 0x0000000089900000, 0x0000000089a00000|  0%| F|  |TAMS 0x0000000089900000, 0x0000000089900000| Untracked 
| 120|0x0000000089a00000, 0x0000000089a00000, 0x0000000089b00000|  0%| F|  |TAMS 0x0000000089a00000, 0x0000000089a00000| Untracked 
| 121|0x0000000089b00000, 0x0000000089b805d8, 0x0000000089c00000| 50%| E|  |TAMS 0x0000000089b00000, 0x0000000089b00000| Complete 
| 122|0x0000000089c00000, 0x0000000089d00000, 0x0000000089d00000|100%| E|CS|TAMS 0x0000000089c00000, 0x0000000089c00000| Complete 
| 123|0x0000000089d00000, 0x0000000089e00000, 0x0000000089e00000|100%| E|CS|TAMS 0x0000000089d00000, 0x0000000089d00000| Complete 
| 124|0x0000000089e00000, 0x0000000089f00000, 0x0000000089f00000|100%| E|CS|TAMS 0x0000000089e00000, 0x0000000089e00000| Complete 
| 125|0x0000000089f00000, 0x000000008a000000, 0x000000008a000000|100%| E|CS|TAMS 0x0000000089f00000, 0x0000000089f00000| Complete 

Card table byte_map: [0x00000135d4ba0000,0x00000135d4f90000] _byte_map_base: 0x00000135d478f000

Marking Bits (Prev, Next): (CMBitMap*) 0x00000135be06ac30, (CMBitMap*) 0x00000135be06ac70
 Prev Bits: [0x00000135d5380000, 0x00000135d72f8000)
 Next Bits: [0x00000135d7300000, 0x00000135d9278000)

Polling page: 0x00000135bc010000

Metaspace:

Usage:
  Non-class:      2.56 MB used.
      Class:    233.10 KB used.
       Both:      2.78 MB used.

Virtual space:
  Non-class space:        8.00 MB reserved,       2.62 MB ( 33%) committed,  1 nodes.
      Class space:        1.00 GB reserved,     320.00 KB ( <1%) committed,  1 nodes.
              Both:        1.01 GB reserved,       2.94 MB ( <1%) committed. 

Chunk freelists:
   Non-Class:  3.67 MB
       Class:  3.72 MB
        Both:  7.39 MB

MaxMetaspaceSize: 17179869184.00 GB
CompressedClassSpaceSize: 1.00 GB
 - commit_granule_bytes: 65536.
 - commit_granule_words: 8192.
 - virtual_space_node_default_size: 1048576.
 - enlarge_chunks_in_place: 1.
 - new_chunks_are_fully_committed: 0.
 - uncommit_free_chunks: 1.
 - use_allocation_guard: 0.
 - handle_deallocations: 1.


Internal statistics:

num_allocs_failed_limit: 0.
num_arena_births: 10.
num_arena_deaths: 0.
num_vsnodes_births: 2.
num_vsnodes_deaths: 0.
num_space_committed: 47.
num_space_uncommitted: 0.
num_chunks_returned_to_freelist: 0.
num_chunks_taken_from_freelist: 36.
num_chunk_merges: 0.
num_chunk_splits: 19.
num_chunks_enlarged: 11.
num_purges: 0.

CodeHeap 'non-profiled nmethods': size=120000Kb used=235Kb max_used=235Kb free=119764Kb
 bounds [0x00000135cd280000, 0x00000135cd4f0000, 0x00000135d47b0000]
CodeHeap 'profiled nmethods': size=120000Kb used=903Kb max_used=903Kb free=119096Kb
 bounds [0x00000135c5d50000, 0x00000135c5fc0000, 0x00000135cd280000]
CodeHeap 'non-nmethods': size=5760Kb used=1210Kb max_used=1255Kb free=4549Kb
 bounds [0x00000135c57b0000, 0x00000135c5a20000, 0x00000135c5d50000]
 total_blobs=991 nmethods=571 adapters=333
 compilation: enabled
              stopped_count=0, restarted_count=0
 full_count=0

Compilation events (20 events):
Event: 1387.460 Thread 0x00000135db7110e0  574       1       java.net.URL::getAuthority (5 bytes)
Event: 1387.460 Thread 0x00000135db7110e0 nmethod 574 0x00000135cd2b9490 code [0x00000135cd2b9620, 0x00000135cd2b96f8]
Event: 1387.460 Thread 0x00000135db7110e0  575       1       java.net.URL::getQuery (5 bytes)
Event: 1387.460 Thread 0x00000135db7110e0 nmethod 575 0x00000135cd2b9790 code [0x00000135cd2b9920, 0x00000135cd2b99f8]
Event: 1387.460 Thread 0x00000135db70e6d0  576       4       org.eclipse.jdt.launching.internal.org.objectweb.asm.ClassReader::readUtf (161 bytes)
Event: 1387.461 Thread 0x00000135db7110e0  577       3       org.eclipse.jdt.launching.internal.org.objectweb.asm.ByteVector::putByteArray (49 bytes)
Event: 1387.465 Thread 0x00000135db7110e0 

Event: 1387.494 Thread 0x00000135db70e6d0 

Event: 4035.237 Thread 0x00000135db70e6d0  578       4       org.eclipse.jdt.launching.internal.org.objectweb.asm.ClassReader::readUtf (44 bytes)
Event: 4035.269 Thread 0x00000135db70e6d0 

Event: 4508.405 Thread 0x00000135db70e6d0  579       4       org.eclipse.jdt.launching.internal.org.objectweb.asm.ClassReader::readUtf (161 bytes)
Event: 4508.427 Thread 0x00000135db70e6d0 

Event: 4597.396 Thread 0x00000135db70e6d0  580       4       org.eclipse.jdt.launching.internal.org.objectweb.asm.ClassReader::readUtf (44 bytes)
Event: 4597.421 Thread 0x00000135db70e6d0 

Event: 4597.422 Thread 0x00000135db70e6d0  581       4       org.eclipse.jdt.launching.internal.org.objectweb.asm.ClassReader::readUtf (161 bytes)
Event: 4597.440 Thread 0x00000135db70e6d0 nmethod 581 0x00000135cd2b9a90 code [0x00000135cd2b9c40, 0x00000135cd2ba818]
Event: 4766.412 Thread 0x00000135db7110e0  582       3       org.eclipse.jdt.launching.internal.org.objectweb.asm.ByteVector::<init> (13 bytes)
Event: 4766.413 Thread 0x00000135db7110e0 nmethod 582 0x00000135c5e31910 code [0x00000135c5e31ac0, 0x00000135c5e31d38]
Event: 4843.010 Thread 0x00000135db70e6d0  583       4       org.eclipse.jdt.launching.internal.org.objectweb.asm.ClassReader::readUtf (44 bytes)
Event: 4843.020 Thread 0x00000135db70e6d0 


GC Heap History (4 events):
Event: 0.592 GC heap before
{Heap before GC invocations=0 (full 0):
 garbage-first heap   total 129024K, used 13312K [0x0000000082200000, 0x0000000100000000)
  region size 1024K, 13 young (13312K), 0 survivors (0K)
 Metaspace       used 2659K, committed 2816K, reserved 1056768K
  class space    used 229K, committed 320K, reserved 1048576K
}
Event: 0.598 GC heap after
{Heap after GC invocations=1 (full 0):
 garbage-first heap   total 129024K, used 1501K [0x0000000082200000, 0x0000000100000000)
  region size 1024K, 2 young (2048K), 2 survivors (2048K)
 Metaspace       used 2659K, committed 2816K, reserved 1056768K
  class space    used 229K, committed 320K, reserved 1048576K
}
Event: 0.732 GC heap before
{Heap before GC invocations=1 (full 0):
 garbage-first heap   total 129024K, used 18909K [0x0000000082200000, 0x0000000100000000)
  region size 1024K, 20 young (20480K), 2 survivors (2048K)
 Metaspace       used 2789K, committed 2944K, reserved 1056768K
  class space    used 231K, committed 320K, reserved 1048576K
}
Event: 0.737 GC heap after
{Heap after GC invocations=2 (full 0):
 garbage-first heap   total 129024K, used 1745K [0x0000000082200000, 0x0000000100000000)
  region size 1024K, 2 young (2048K), 2 survivors (2048K)
 Metaspace       used 2789K, committed 2944K, reserved 1056768K
  class space    used 231K, committed 320K, reserved 1048576K
}

Deoptimization events (20 events):
Event: 0.436 Thread 0x00000135be029940 DEOPT PACKING pc=0x00000135c5dbc3f0 sp=0x0000001caeefbdb0
Event: 0.436 Thread 0x00000135be029940 DEOPT UNPACKING pc=0x00000135c57fdece sp=0x0000001caeefb218 mode 0
Event: 0.437 Thread 0x00000135be029940 DEOPT PACKING pc=0x00000135c5dbc3f0 sp=0x0000001caeefbdb0
Event: 0.437 Thread 0x00000135be029940 DEOPT UNPACKING pc=0x00000135c57fdece sp=0x0000001caeefb218 mode 0
Event: 0.446 Thread 0x00000135be029940 DEOPT PACKING pc=0x00000135c5dbc4db sp=0x0000001caeefbdb0
Event: 0.447 Thread 0x00000135be029940 DEOPT UNPACKING pc=0x00000135c57fdece sp=0x0000001caeefb218 mode 0
Event: 0.458 Thread 0x00000135be029940 DEOPT PACKING pc=0x00000135c5dbc4db sp=0x0000001caeef7f70
Event: 0.458 Thread 0x00000135be029940 DEOPT UNPACKING pc=0x00000135c57fdece sp=0x0000001caeef73d8 mode 0
Event: 0.458 Thread 0x00000135be029940 DEOPT PACKING pc=0x00000135c5dbc3f0 sp=0x0000001caeef7f70
Event: 0.458 Thread 0x00000135be029940 DEOPT UNPACKING pc=0x00000135c57fdece sp=0x0000001caeef73d8 mode 0
Event: 0.458 Thread 0x00000135be029940 DEOPT PACKING pc=0x00000135c5dbc3f0 sp=0x0000001caeef7f70
Event: 0.458 Thread 0x00000135be029940 DEOPT UNPACKING pc=0x00000135c57fdece sp=0x0000001caeef73d8 mode 0
Event: 0.459 Thread 0x00000135be029940 DEOPT PACKING pc=0x00000135c5dbc3f0 sp=0x0000001caeef7f70
Event: 0.459 Thread 0x00000135be029940 DEOPT UNPACKING pc=0x00000135c57fdece sp=0x0000001caeef73d8 mode 0
Event: 0.460 Thread 0x00000135be029940 DEOPT PACKING pc=0x00000135c5dbc4db sp=0x0000001caeef7f70
Event: 0.460 Thread 0x00000135be029940 DEOPT UNPACKING pc=0x00000135c57fdece sp=0x0000001caeef73d8 mode 0
Event: 0.600 Thread 0x00000135be029940 Uncommon trap: trap_request=0xffffff45 fr.pc=0x00000135cd2a1fb8 relative=0x0000000000000ab8
Event: 0.600 Thread 0x00000135be029940 Uncommon trap: reason=unstable_if action=reinterpret pc=0x00000135cd2a1fb8 method=java.util.regex.Matcher.search(I)Z @ 30 c2
Event: 0.600 Thread 0x00000135be029940 DEOPT PACKING pc=0x00000135cd2a1fb8 sp=0x0000001caeeff550
Event: 0.600 Thread 0x00000135be029940 DEOPT UNPACKING pc=0x00000135c57fd72e sp=0x0000001caeeff550 mode 2

Classes unloaded (0 events):
No events

Classes redefined (20 events):
Event: 1088.646 Thread 0x00000135db6e7b60 redefined class name=main.Lector, count=18
Event: 1179.576 Thread 0x00000135db6e7b60 redefined class name=main.Lector, count=19
Event: 1387.463 Thread 0x00000135db6e7b60 redefined class name=main.Lector, count=20
Event: 1433.903 Thread 0x00000135db6e7b60 redefined class name=main.Lector, count=21
Event: 4035.238 Thread 0x00000135db6e7b60 redefined class name=main.Main, count=2
Event: 4071.144 Thread 0x00000135db6e7b60 redefined class name=main.Main, count=3
Event: 4202.464 Thread 0x00000135db6e7b60 redefined class name=main.Main, count=4
Event: 4420.149 Thread 0x00000135db6e7b60 redefined class name=main.Main, count=5
Event: 4481.804 Thread 0x00000135db6e7b60 redefined class name=main.Lector, count=22
Event: 4508.419 Thread 0x00000135db6e7b60 redefined class name=main.Lector, count=23
Event: 4597.400 Thread 0x00000135db6e7b60 redefined class name=main.Lector, count=24
Event: 4614.240 Thread 0x00000135db6e7b60 redefined class name=main.Lector, count=25
Event: 4758.579 Thread 0x00000135db6e7b60 redefined class name=main.Main, count=6
Event: 4766.415 Thread 0x00000135db6e7b60 redefined class name=main.Main, count=7
Event: 4843.012 Thread 0x00000135db6e7b60 redefined class name=main.Main, count=8
Event: 4857.694 Thread 0x00000135db6e7b60 redefined class name=main.Main, count=9
Event: 4891.745 Thread 0x00000135db6e7b60 redefined class name=main.Main, count=10
Event: 5107.786 Thread 0x00000135db6e7b60 redefined class name=main.Main, count=11
Event: 5158.343 Thread 0x00000135db6e7b60 redefined class name=main.Main, count=12
Event: 5189.943 Thread 0x00000135db6e7b60 redefined class name=main.Main, count=13

Internal exceptions (1 events):
Event: 0.363 Thread 0x00000135be029940 Exception <a 'java/lang/NoSuchMethodError'{0x0000000089ca7510}: 'java.lang.Object java.lang.invoke.DirectMethodHandle$Holder.invokeStatic(java.lang.Object)'> (0x0000000089ca7510) 
thrown [t:\workspace\open\src\hotspot\share\interpreter\linkResolver.cpp, line 790]

Events (20 events):
Event: 4891.749 Executing  VM operation: RedefineClasses done
Event: 4891.755 Executing  VM operation: ChangeBreakpoints
Event: 4891.756 Executing  VM operation: ChangeBreakpoints done
Event: 4891.760 Executing  VM operation: ChangeBreakpoints
Event: 4891.760 Executing  VM operation: ChangeBreakpoints done
Event: 4891.764 Executing  VM operation: ChangeBreakpoints
Event: 4891.764 Executing  VM operation: ChangeBreakpoints done
Event: 5107.784 Executing  VM operation: RedefineClasses
Event: 5107.788 Executing  VM operation: RedefineClasses done
Event: 5158.342 Executing  VM operation: RedefineClasses
Event: 5158.345 Executing  VM operation: RedefineClasses done
Event: 5189.942 Executing  VM operation: RedefineClasses
Event: 5189.946 Executing  VM operation: RedefineClasses done
Event: 5189.950 Executing  VM operation: ChangeBreakpoints
Event: 5189.951 Executing  VM operation: ChangeBreakpoints done
Event: 5189.955 Executing  VM operation: ChangeBreakpoints
Event: 5189.956 Executing  VM operation: ChangeBreakpoints done
Event: 5189.960 Executing  VM operation: ChangeBreakpoints
Event: 5189.960 Executing  VM operation: ChangeBreakpoints done
Event: 5327.017 Executing  VM operation: RedefineClasses


Dynamic libraries:
0x00007ff6af180000 - 0x00007ff6af190000 	C:\Program Files\Java\jdk-16.0.1\bin\javaw.exe
0x00007ffab9b10000 - 0x00007ffab9d05000 	C:\WINDOWS\SYSTEM32\ntdll.dll
0x00007ffab9950000 - 0x00007ffab9a0e000 	C:\WINDOWS\System32\KERNEL32.DLL
0x00007ffab7730000 - 0x00007ffab79f8000 	C:\WINDOWS\System32\KERNELBASE.dll
0x00007ffab7230000 - 0x00007ffab7330000 	C:\WINDOWS\System32\ucrtbase.dll
0x00007ffab0c60000 - 0x00007ffab0c79000 	C:\Program Files\Java\jdk-16.0.1\bin\VCRUNTIME140.dll
0x00007ffab1840000 - 0x00007ffab1858000 	C:\Program Files\Java\jdk-16.0.1\bin\jli.dll
0x00007ffab98a0000 - 0x00007ffab994c000 	C:\WINDOWS\System32\ADVAPI32.dll
0x00007ffab8550000 - 0x00007ffab85ee000 	C:\WINDOWS\System32\msvcrt.dll
0x00007ffab8ba0000 - 0x00007ffab8c3b000 	C:\WINDOWS\System32\sechost.dll
0x00007ffab9740000 - 0x00007ffab986a000 	C:\WINDOWS\System32\RPCRT4.dll
0x00007ffab9590000 - 0x00007ffab9731000 	C:\WINDOWS\System32\USER32.dll
0x00007ffab73e0000 - 0x00007ffab7402000 	C:\WINDOWS\System32\win32u.dll
0x00007ffab8ac0000 - 0x00007ffab8aeb000 	C:\WINDOWS\System32\GDI32.dll
0x00007ffab7a50000 - 0x00007ffab7b5b000 	C:\WINDOWS\System32\gdi32full.dll
0x00007ffab7600000 - 0x00007ffab769d000 	C:\WINDOWS\System32\msvcp_win.dll
0x00007ffaaba20000 - 0x00007ffaabcba000 	C:\WINDOWS\WinSxS\amd64_microsoft.windows.common-controls_6595b64144ccf1df_6.0.19041.1110_none_60b5254171f9507e\COMCTL32.dll
0x00007ffab0540000 - 0x00007ffab054a000 	C:\WINDOWS\SYSTEM32\VERSION.dll
0x00007ffab9870000 - 0x00007ffab98a0000 	C:\WINDOWS\System32\IMM32.DLL
0x00007ffab3bc0000 - 0x00007ffab3bcc000 	C:\Program Files\Java\jdk-16.0.1\bin\vcruntime140_1.dll
0x00007ffa76650000 - 0x00007ffa766e1000 	C:\Program Files\Java\jdk-16.0.1\bin\msvcp140.dll
0x00007ffa6f230000 - 0x00007ffa6fddb000 	C:\Program Files\Java\jdk-16.0.1\bin\server\jvm.dll
0x00007ffab8c40000 - 0x00007ffab8c48000 	C:\WINDOWS\System32\PSAPI.DLL
0x00007ffaa4f60000 - 0x00007ffaa4f69000 	C:\WINDOWS\SYSTEM32\WSOCK32.dll
0x00007ffaabcd0000 - 0x00007ffaabcf7000 	C:\WINDOWS\SYSTEM32\WINMM.dll
0x00007ffab9520000 - 0x00007ffab958b000 	C:\WINDOWS\System32\WS2_32.dll
0x00007ffab5ab0000 - 0x00007ffab5ac2000 	C:\WINDOWS\SYSTEM32\kernel.appcore.dll
0x00007ffab3090000 - 0x00007ffab309a000 	C:\Program Files\Java\jdk-16.0.1\bin\jimage.dll
0x00007ffab5020000 - 0x00007ffab5204000 	C:\WINDOWS\SYSTEM32\DBGHELP.DLL
0x00007ffaa3040000 - 0x00007ffaa306c000 	C:\WINDOWS\SYSTEM32\dbgcore.DLL
0x00007ffab76a0000 - 0x00007ffab7723000 	C:\WINDOWS\System32\bcryptPrimitives.dll
0x00007ffa95ba0000 - 0x00007ffa95bdb000 	C:\Program Files\Java\jdk-16.0.1\bin\jdwp.dll
0x00007ffab09b0000 - 0x00007ffab09be000 	C:\Program Files\Java\jdk-16.0.1\bin\instrument.dll
0x00007ffaafe20000 - 0x00007ffaafe45000 	C:\Program Files\Java\jdk-16.0.1\bin\java.dll
0x00007ffab8d30000 - 0x00007ffab946f000 	C:\WINDOWS\System32\SHELL32.dll
0x00007ffab5210000 - 0x00007ffab59a0000 	C:\WINDOWS\SYSTEM32\windows.storage.dll
0x00007ffab86c0000 - 0x00007ffab8a15000 	C:\WINDOWS\System32\combase.dll
0x00007ffab6c80000 - 0x00007ffab6cae000 	C:\WINDOWS\SYSTEM32\Wldp.dll
0x00007ffab9470000 - 0x00007ffab951d000 	C:\WINDOWS\System32\SHCORE.dll
0x00007ffab8a30000 - 0x00007ffab8a85000 	C:\WINDOWS\System32\shlwapi.dll
0x00007ffab7170000 - 0x00007ffab718f000 	C:\WINDOWS\SYSTEM32\profapi.dll
0x00007ffaafe10000 - 0x00007ffaafe1c000 	C:\Program Files\Java\jdk-16.0.1\bin\dt_socket.dll
0x00007ffab6680000 - 0x00007ffab66bb000 	C:\WINDOWS\SYSTEM32\IPHLPAPI.DLL
0x00007ffab69e0000 - 0x00007ffab6a4a000 	C:\WINDOWS\system32\mswsock.dll
0x00007ffab66d0000 - 0x00007ffab679b000 	C:\WINDOWS\SYSTEM32\DNSAPI.dll
0x00007ffab8a20000 - 0x00007ffab8a28000 	C:\WINDOWS\System32\NSI.dll
0x00007ffaa5de0000 - 0x00007ffaa5dea000 	C:\Windows\System32\rasadhlp.dll
0x00007ffaa6140000 - 0x00007ffaa61bf000 	C:\WINDOWS\System32\fwpuclnt.dll
0x00007ffab7470000 - 0x00007ffab7497000 	C:\WINDOWS\System32\bcrypt.dll
0x00007ffaa6100000 - 0x00007ffaa6118000 	C:\Program Files\Java\jdk-16.0.1\bin\zip.dll
0x00007ffab19c0000 - 0x00007ffab19d9000 	C:\Program Files\Java\jdk-16.0.1\bin\net.dll
0x00007ffaaf3b0000 - 0x00007ffaaf4bc000 	C:\WINDOWS\SYSTEM32\WINHTTP.dll
0x00007ffaa63b0000 - 0x00007ffaa63c3000 	C:\Program Files\Java\jdk-16.0.1\bin\nio.dll
0x00007ffab1210000 - 0x00007ffab1220000 	C:\Program Files\Java\jdk-16.0.1\bin\verify.dll

dbghelp: loaded successfully - version: 4.0.5 - missing functions: none
symbol engine: initialized successfully - sym options: 0x614 - pdb path: .;C:\Program Files\Java\jdk-16.0.1\bin;C:\WINDOWS\SYSTEM32;C:\WINDOWS\WinSxS\amd64_microsoft.windows.common-controls_6595b64144ccf1df_6.0.19041.1110_none_60b5254171f9507e;C:\Program Files\Java\jdk-16.0.1\bin\server

VM Arguments:
jvm_args: -XX:+ShowCodeDetailsInExceptionMessages -agentlib:jdwp=transport=dt_socket,suspend=y,address=localhost:51403 -javaagent:C:\Users\nicoc\eclipse\java-2021-06\eclipse\configuration\org.eclipse.osgi\222\0\.cp\lib\javaagent-shaded.jar -Dfile.encoding=Cp1252 
java_command: main.Main
java_class_path (initial): C:\Users\nicoc\Documents\GitHub\Advent-of-Code-2021\bin
Launcher Type: SUN_STANDARD

[Global flags]
     intx CICompilerCount                          = 3                                         {product} {ergonomic}
     uint ConcGCThreads                            = 1                                         {product} {ergonomic}
     uint G1ConcRefinementThreads                  = 4                                         {product} {ergonomic}
   size_t G1HeapRegionSize                         = 1048576                                   {product} {ergonomic}
    uintx GCDrainStackTargetSize                   = 64                                        {product} {ergonomic}
   size_t InitialHeapSize                          = 132120576                                 {product} {ergonomic}
   size_t MarkStackSize                            = 4194304                                   {product} {ergonomic}
   size_t MaxHeapSize                              = 2111832064                                {product} {ergonomic}
   size_t MaxNewSize                               = 1266679808                                {product} {ergonomic}
   size_t MinHeapDeltaBytes                        = 1048576                                   {product} {ergonomic}
   size_t MinHeapSize                              = 8388608                                   {product} {ergonomic}
    uintx NonNMethodCodeHeapSize                   = 5832780                                {pd product} {ergonomic}
    uintx NonProfiledCodeHeapSize                  = 122912730                              {pd product} {ergonomic}
    uintx ProfiledCodeHeapSize                     = 122912730                              {pd product} {ergonomic}
    uintx ReservedCodeCacheSize                    = 251658240                              {pd product} {ergonomic}
     bool SegmentedCodeCache                       = true                                      {product} {ergonomic}
     bool ShowCodeDetailsInExceptionMessages       = true                                   {manageable} {command line}
   size_t SoftMaxHeapSize                          = 2111832064                             {manageable} {ergonomic}
     bool UseCompressedClassPointers               = true                           {product lp64_product} {ergonomic}
     bool UseCompressedOops                        = true                           {product lp64_product} {ergonomic}
     bool UseG1GC                                  = true                                      {product} {ergonomic}
     bool UseLargePagesIndividualAllocation        = false                                  {pd product} {ergonomic}

Logging:
Log output configuration:
 #0: stdout all=warning uptime,level,tags
 #1: stderr all=off uptime,level,tags

Environment Variables:
JAVA_HOME=C:\Program Files\Java\jdk1.8.0_291
PATH=C:/Program Files/Java/jdk-16.0.1/bin/server;C:/Program Files/Java/jdk-16.0.1/bin;C:\Windows\system32;C:\Windows;C:\Windows\System32\Wbem;C:\Windows\System32\WindowsPowerShell\v1.0\;C:\Windows\System32\OpenSSH\;C:\Program Files\NVIDIA Corporation\NVIDIA NvDLISR;C:\Program Files (x86)\NVIDIA Corporation\PhysX\Common;C:\Program Files\Git\cmd;C:\Program Files\Java\jdk1.8.0_291\bin;;C:\WINDOWS\system32;C:\WINDOWS;C:\WINDOWS\System32\Wbem;C:\WINDOWS\System32\WindowsPowerShell\v1.0\;C:\WINDOWS\System32\OpenSSH\;C:\Program Files\PuTTY\;C:\Users\nicoc\AppData\Local\Microsoft\WindowsApps;C:\Users\nicoc\AppData\Local\Programs\Microsoft VS Code\bin;C:\Users\nicoc\development\sdks\flutter\bin;C:\Users\nicoc\AppData\Local\GitHubDesktop\bin;C:\Users\nicoc\Desktop;
USERNAME=nicoc
OS=Windows_NT
PROCESSOR_IDENTIFIER=Intel64 Family 6 Model 78 Stepping 3, GenuineIntel



---------------  S Y S T E M  ---------------

OS:
 Windows 10 , 64 bit Build 19041 (10.0.19041.1348)
OS uptime: 0 days 3:39 hours

CPU: total 4 (initial active 4) (2 cores per cpu, 2 threads per core) family 6 model 78 stepping 3 microcode 0xcc, cx8, cmov, fxsr, ht, mmx, 3dnowpref, sse, sse2, sse3, ssse3, sse4.1, sse4.2, popcnt, lzcnt, tsc, tscinvbit, avx, avx2, aes, erms, clmul, bmi1, bmi2, adx, fma, vzeroupper, clflush, clflushopt

Memory: 4k page, system-wide physical 8053M (3235M free)
TotalPageFile size 14709M (AvailPageFile size 8512M)
current process WorkingSet (physical memory assigned to process): 40M, peak: 63M
current process commit charge ("private bytes"): 203M, peak: 208M

vm_info: Java HotSpot(TM) 64-Bit Server VM (16.0.1+9-24) for windows-amd64 JRE (16.0.1+9-24), built on Mar 26 2021 19:31:42 by "mach5one" with MS VC++ 16.7 (VS2019)

END.
